<?xml version="1.0" encoding="utf-8"?><testsuites name="pytest tests"><testsuite name="pytest" errors="0" failures="0" skipped="1" tests="5" time="144.185" timestamp="2026-09-24T06:06:09.356364+00:00" hostname="agent-env-5a367758-0b8c-41d4-badc-a48bc7d41d3c"><testcase classname="tests.test_iter29_cover_batch_regression" name="test_health_tts_and_stripe_guardrails" time="0.667" /><testcase classname="tests.test_iter29_cover_batch_regression" name="test_existing_cover_baseline_preserved" time="0.157" /><testcase classname="tests.test_iter29_cover_batch_regression" name="test_generated_media_endpoints_and_dimensions" time="142.968" /><testcase classname="tests.test_iter29_cover_batch_regression" name="test_dry_run_lock_message_when_batch_active" time="0.002"><skipped type="pytest.skip" message="Active batch no longer running in report snapshot">/app/backend/tests/test_iter29_cover_batch_regression.py:166: Active batch no longer running in report snapshot</skipped></testcase><testcase classname="tests.test_iter29_cover_batch_regression" name="test_no_overwrite_query_and_checkpoint_present_in_generator_code" time="0.000" /></testsuite></testsuites>