<?xml version="1.0" encoding="utf-8"?><testsuites name="pytest tests"><testsuite name="pytest" errors="0" failures="0" skipped="0" tests="5" time="34.819" timestamp="2026-09-24T06:10:15.092971+00:00" hostname="agent-env-5a367758-0b8c-41d4-badc-a48bc7d41d3c"><testcase classname="tests.test_iter29_cover_batch_regression" name="test_health_tts_and_stripe_guardrails" time="0.601" /><testcase classname="tests.test_iter29_cover_batch_regression" name="test_existing_cover_baseline_preserved" time="0.170" /><testcase classname="tests.test_iter29_cover_batch_regression" name="test_generated_media_endpoints_and_dimensions" time="33.420" /><testcase classname="tests.test_iter29_cover_batch_regression" name="test_dry_run_lock_message_when_batch_active" time="0.244" /><testcase classname="tests.test_iter29_cover_batch_regression" name="test_no_overwrite_query_and_checkpoint_present_in_generator_code" time="0.000" /></testsuite></testsuites>