<?xml version="1.0" encoding="utf-8"?><testsuites name="pytest tests"><testsuite name="pytest" errors="0" failures="0" skipped="1" tests="4" time="3.194" timestamp="2026-09-24T08:49:48.848674+00:00" hostname="agent-env-3ce17439-d0b1-41bb-8d86-076ed339f97f"><testcase classname="tests.test_category_cutout" name="test_cutout_is_320_png" time="1.164" /><testcase classname="tests.test_category_cutout" name="test_cutout_corners_transparent" time="0.002" /><testcase classname="tests.test_category_cutout" name="test_cutout_alpha_bbox_fills_canvas" time="0.002" /><testcase classname="tests.test_category_cutout" name="test_multiple_categories_cutout" time="1.693"><skipped type="pytest.skip" message="mondo-animale has no media configured">/app/backend/tests/test_category_cutout.py:55: mondo-animale has no media configured</skipped></testcase></testsuite></testsuites>