<?xml version="1.0" encoding="utf-8"?><testsuites name="pytest tests"><testsuite name="pytest" errors="0" failures="0" skipped="0" tests="9" time="5.895" timestamp="2026-09-24T09:07:53.074785+00:00" hostname="agent-env-3ce17439-d0b1-41bb-8d86-076ed339f97f"><testcase classname="tests.test_iter30_cover_batch_targeted" name="test_reports_match_expected_scope_and_budget_stop" time="0.002" /><testcase classname="tests.test_iter30_cover_batch_targeted" name="test_new23_media_endpoints_are_webp_and_expected_dimensions" time="3.833" /><testcase classname="tests.test_iter30_cover_batch_targeted" name="test_existing_373_snapshot_fields_preserved_in_mongo" time="0.008" /><testcase classname="tests.test_iter30_cover_batch_targeted" name="test_catalog_counts_are_437_total_396_covered_41_missing" time="0.004" /><testcase classname="tests.test_iter30_cover_batch_targeted" name="test_generate_covers_dry_run_reports_41_and_does_not_mutate_db" time="0.731" /><testcase classname="tests.test_iter30_cover_batch_targeted" name="test_generate_covers_lock_blocks_duplicate_execution" time="0.215" /><testcase classname="tests.test_iter30_cover_batch_targeted" name="test_source_webp_retained_and_encode_webp_behaviour" time="0.087" /><testcase classname="tests.test_iter30_cover_batch_targeted" name="test_retouched_covers_load_via_current_version_query[v8-why-do-we-feel-embarrassed-for-other-people]" time="0.266" /><testcase classname="tests.test_iter30_cover_batch_targeted" name="test_retouched_covers_load_via_current_version_query[v8-why-do-we-drive-on-the-right-and-the-british-on-the-left]" time="0.327" /></testsuite></testsuites>