<?xml version="1.0" encoding="utf-8"?><testsuites name="pytest tests"><testsuite name="pytest" errors="0" failures="1" skipped="1" tests="5" time="23.639" timestamp="2026-09-24T05:58:31.982189+00:00" hostname="agent-env-5a367758-0b8c-41d4-badc-a48bc7d41d3c"><testcase classname="tests.test_iter29_cover_batch_regression" name="test_health_tts_and_stripe_guardrails" time="0.642" /><testcase classname="tests.test_iter29_cover_batch_regression" name="test_existing_cover_baseline_preserved" time="0.002"><failure message="assert 182 == 179&#10; +  where 182 = len([{'id': 'sky-blue-sunset-orange', 'category_name': 'Scienza · Natura', 'hero_image': 'https://images.unsplash.com/photo-1495616811223-4d98c6e9c869?w=1200&amp;q=80&amp;auto=format&amp;fit=crop', 'hook': 'Lo stesso cielo, colori diversi. Non è magia, ma una questione di luce, atmosfera e lunghezza delle onde luminose.', ...}, {'id': 'why-we-yawn', 'category_name': 'Corpo umano', 'hero_image': 'https://images.unsplash.com/photo-1580281657527-47f249e8f4df?w=1200&amp;q=80&amp;auto=format&amp;fit=crop', 'hook': 'Non è solo sonno o noia: lo sbadiglio è uno dei riflessi più misteriosi del nostro corpo, e ci lega agli altri più di quanto pensi.', ...}, {'id': 'black-holes-basics', 'category_name': 'Spazio', 'hero_image': 'https://images.unsplash.com/photo-1462331940025-496dfbfc7564?w=1200&amp;q=80&amp;auto=format&amp;fit=crop', 'hook': &quot;Non sono buchi, non sono neri e non 'succhiano' tutto. Ma sono forse la cosa più affascinante e strana dell'universo.&quot;, ...}, {'id': 'mars-red', 'category_name': 'Spazio', 'hero_image': 'https://images.unsplash.com/photo-1630839437035-dac17da580d0?w=1200&amp;q=80&amp;auto=format&amp;fit=crop', 'hook': 'Il pianeta che ci osserva da sempre deve il suo colore a un dettaglio che conosciamo bene anche sulla Terra: la ruggine.', ...}, {'id': 'how-oled-works', 'category_name': 'Tecnologia', 'hero_image': 'https://images.unsplash.com/photo-1601944179066-29786cb9d32a?w=1200&amp;q=80&amp;auto=format&amp;fit=crop', 'hook': 'Perché i neri di un OLED sembrano davvero neri, e perché i colori bruciano di più? Tutto parte da come nasce la luce nel display.', ...}, {'id': 'how-wifi-works', 'category_name': 'Tecnologia', 'hero_image': 'https://images.unsplash.com/photo-1544197150-b99a580bb7a8?w=1200&amp;q=80&amp;auto=format&amp;fit=crop', 'hook': 'Non è magia, non è invisibile. Il Wi-Fi è luce che semplicemente non riesci a vedere, e sfida i muri di casa tua ogni giorno.', ...}, ...])">backend/tests/test_iter29_cover_batch_regression.py:101: in test_existing_cover_baseline_preserved
    assert len(existing) == 179
E   assert 182 == 179
E    +  where 182 = len([{'id': 'sky-blue-sunset-orange', 'category_name': 'Scienza · Natura', 'hero_image': 'https://images.unsplash.com/photo-1495616811223-4d98c6e9c869?w=1200&amp;q=80&amp;auto=format&amp;fit=crop', 'hook': 'Lo stesso cielo, colori diversi. Non è magia, ma una questione di luce, atmosfera e lunghezza delle onde luminose.', ...}, {'id': 'why-we-yawn', 'category_name': 'Corpo umano', 'hero_image': 'https://images.unsplash.com/photo-1580281657527-47f249e8f4df?w=1200&amp;q=80&amp;auto=format&amp;fit=crop', 'hook': 'Non è solo sonno o noia: lo sbadiglio è uno dei riflessi più misteriosi del nostro corpo, e ci lega agli altri più di quanto pensi.', ...}, {'id': 'black-holes-basics', 'category_name': 'Spazio', 'hero_image': 'https://images.unsplash.com/photo-1462331940025-496dfbfc7564?w=1200&amp;q=80&amp;auto=format&amp;fit=crop', 'hook': "Non sono buchi, non sono neri e non 'succhiano' tutto. Ma sono forse la cosa più affascinante e strana dell'universo.", ...}, {'id': 'mars-red', 'category_name': 'Spazio', 'hero_image': 'https://images.unsplash.com/photo-1630839437035-dac17da580d0?w=1200&amp;q=80&amp;auto=format&amp;fit=crop', 'hook': 'Il pianeta che ci osserva da sempre deve il suo colore a un dettaglio che conosciamo bene anche sulla Terra: la ruggine.', ...}, {'id': 'how-oled-works', 'category_name': 'Tecnologia', 'hero_image': 'https://images.unsplash.com/photo-1601944179066-29786cb9d32a?w=1200&amp;q=80&amp;auto=format&amp;fit=crop', 'hook': 'Perché i neri di un OLED sembrano davvero neri, e perché i colori bruciano di più? Tutto parte da come nasce la luce nel display.', ...}, {'id': 'how-wifi-works', 'category_name': 'Tecnologia', 'hero_image': 'https://images.unsplash.com/photo-1544197150-b99a580bb7a8?w=1200&amp;q=80&amp;auto=format&amp;fit=crop', 'hook': 'Non è magia, non è invisibile. Il Wi-Fi è luce che semplicemente non riesci a vedere, e sfida i muri di casa tua ogni giorno.', ...}, ...])</failure></testcase><testcase classname="tests.test_iter29_cover_batch_regression" name="test_generated_media_endpoints_and_dimensions" time="22.593" /><testcase classname="tests.test_iter29_cover_batch_regression" name="test_dry_run_lock_message_when_batch_active" time="0.024"><skipped type="pytest.skip" message="No active generate_covers.py process found">/app/backend/tests/test_iter29_cover_batch_regression.py:162: No active generate_covers.py process found</skipped></testcase><testcase classname="tests.test_iter29_cover_batch_regression" name="test_no_overwrite_query_and_checkpoint_present_in_generator_code" time="0.000" /></testsuite></testsuites>